Arguments: 
  C:\Program Files\nodejs\node.exe C:\Users\marce\AppData\Roaming\npm\node_modules\yarn\bin\yarn.js

PATH: 
  C:\Users\marce\bin;C:\Program Files\Git\mingw64\bin;C:\Program Files\Git\usr\local\bin;C:\Program Files\Git\usr\bin;C:\Program Files\Git\usr\bin;C:\Program Files\Git\mingw64\bin;C:\Program Files\Git\usr\bin;C:\Users\marce\bin;C:\Python310\Scripts;C:\Python310;C:\Windows\system32;C:\Windows;C:\Windows\System32\Wbem;C:\Windows\System32\WindowsPowerShell\v1.0;C:\Windows\System32\OpenSSH;C:\Windows\CCM;C:\Program Files\Git\cmd;C:\Program Files\Zabbix Agent;C:\php;C:\ProgramData\chocolatey\bin;C:\Program Files\nodejs;C:\Program Files\Microsoft SQL Server\150\Tools\Binn;C:\Program Files (x86)\dotnet;C:\Users\marce\AppData\Local\Microsoft\WindowsApps;C:\Users\marce\AppData\Local\Programs\Microsoft VS Code\bin;C:\Users\marce\AppData\Local\Programs\Hyper\resources\bin;C:\Users\marce\AppData\Roaming\npm;C:\Users\marce\.dotnet\tools;C:\Program Files\Git\usr\bin\vendor_perl;C:\Program Files\Git\usr\bin\core_perl

Yarn version: 
  1.22.19

Node version: 
  16.14.0

Platform: 
  win32 x64

Trace: 
  Error: unable to get local issuer certificate
      at TLSSocket.onConnectSecure (node:_tls_wrap:1530:34)
      at TLSSocket.emit (node:events:520:28)
      at TLSSocket._finishInit (node:_tls_wrap:944:8)
      at TLSWrap.ssl.onhandshakedone (node:_tls_wrap:725:12)

npm manifest: 
  {
    "name": "nodesql",
    "version": "1.0.0",
    "main": "index.js",
    "license": "MIT",
    "scripts": {
      "dev": "nodemon src/index.js"
    },
    "dependencies": {
      "bcryptjs": "^2.4.3",
      "express": "^4.18.1",
      "jsonwebtoken": "^8.5.1",
      "mysql2": "^2.3.3",
      "nodemon": "^2.0.19",
      "sequelize": "^6.21.4",
      "sequelize-cli": "^6.4.1"
    }
  }

yarn manifest: 
  No manifest

Lockfile: 
  No lockfile
